<?xml version="1.0" encoding="UTF-8"?>
<!-- Generated by org.testng.reporters.JUnitXMLReporter -->
<testsuite ignored="0" hostname="DESKTOP-1TP3G9S" failures="0" tests="3" name="Default test" time="2.046" errors="0" timestamp="2024-04-07T12:48:52 IST">
  <testcase classname="com.testcase.LoginTest" name="userNameTest" time="0.068"/>
  <testcase classname="com.testcase.LoginTest" name="passwordTest" time="0.042"/>
  <testcase classname="com.testcase.LoginTest" name="btntest" time="0.077"/>
</testsuite> <!-- Default test -->
