<?xml version="1.0" encoding="UTF-8"?>
<testng-results ignored="0" total="3" passed="3" failed="0" skipped="0">
  <reporter-output>
  </reporter-output>
  <suite started-at="2024-04-07T12:48:50 IST" name="Default suite" finished-at="2024-04-07T12:48:52 IST" duration-ms="2046">
    <groups>
    </groups>
    <test started-at="2024-04-07T12:48:50 IST" name="Default test" finished-at="2024-04-07T12:48:52 IST" duration-ms="2046">
      <class name="com.testcase.LoginTest">
        <test-method is-config="true" signature="openBrowser()[pri:0, instance:com.testcase.LoginTest@1c7696c6]" started-at="2024-04-07T12:48:50 IST" name="openBrowser" finished-at="2024-04-07T12:48:52 IST" duration-ms="1830" status="PASS">
          <reporter-output>
          </reporter-output>
        </test-method> <!-- openBrowser -->
        <test-method signature="userNameTest()[pri:1, instance:com.testcase.LoginTest@1c7696c6]" started-at="2024-04-07T12:48:52 IST" name="userNameTest" finished-at="2024-04-07T12:48:52 IST" duration-ms="68" status="PASS">
          <reporter-output>
          </reporter-output>
        </test-method> <!-- userNameTest -->
        <test-method signature="passwordTest()[pri:2, instance:com.testcase.LoginTest@1c7696c6]" started-at="2024-04-07T12:48:52 IST" name="passwordTest" finished-at="2024-04-07T12:48:52 IST" duration-ms="42" status="PASS">
          <reporter-output>
          </reporter-output>
        </test-method> <!-- passwordTest -->
        <test-method signature="btntest()[pri:3, instance:com.testcase.LoginTest@1c7696c6]" started-at="2024-04-07T12:48:52 IST" name="btntest" finished-at="2024-04-07T12:48:52 IST" duration-ms="77" status="PASS">
          <reporter-output>
          </reporter-output>
        </test-method> <!-- btntest -->
      </class> <!-- com.testcase.LoginTest -->
    </test> <!-- Default test -->
  </suite> <!-- Default suite -->
</testng-results>
